# JRE version: OpenJDK Runtime Environment (11.0.10) (build 11.0.10+0-b96-7249189)
# Java VM: OpenJDK 64-Bit Server VM (11.0.10+0-b96-7249189, mixed mode, tiered, compressed oops, g1 gc, windows-amd64)
Heap:
 garbage-first heap   total 820224K, used 149138K [0x0000000080000000, 0x0000000100000000)
  region size 1024K, 7 young (7168K), 7 survivors (7168K)
 Metaspace       used 111713K, capacity 114423K, committed 115276K, reserved 1148928K
  class space    used 14067K, capacity 15082K, committed 15436K, reserved 1048576K
GC Heap History (20 events):
Event: 33.611 GC heap after
{Heap after GC invocations=47 (full 0):
 garbage-first heap   total 273408K, used 107100K [0x0000000080000000, 0x0000000100000000)
  region size 1024K, 7 young (7168K), 7 survivors (7168K)
 Metaspace       used 100630K, capacity 102893K, committed 103244K, reserved 1138688K
  class space    used 12457K, capacity 13285K, committed 13388K, reserved 1048576K
}
Event: 35.616 GC heap before
{Heap before GC invocations=47 (full 0):
 garbage-first heap   total 273408K, used 191068K [0x0000000080000000, 0x0000000100000000)
  region size 1024K, 88 young (90112K), 7 survivors (7168K)
 Metaspace       used 103825K, capacity 106226K, committed 106572K, reserved 1142784K
  class space    used 12897K, capacity 13789K, committed 13900K, reserved 1048576K
}
Event: 36.285 GC heap after
{Heap after GC invocations=48 (full 0):
 garbage-first heap   total 273408K, used 125190K [0x0000000080000000, 0x0000000100000000)
  region size 1024K, 11 young (11264K), 11 survivors (11264K)
 Metaspace       used 103825K, capacity 106226K, committed 106572K, reserved 1142784K
  class space    used 12897K, capacity 13789K, committed 13900K, reserved 1048576K
}
Event: 36.309 GC heap before
{Heap before GC invocations=48 (full 0):
 garbage-first heap   total 273408K, used 128262K [0x0000000080000000, 0x0000000100000000)
  region size 1024K, 14 young (14336K), 11 survivors (11264K)
 Metaspace       used 103896K, capacity 106309K, committed 106572K, reserved 1142784K
  class space    used 12909K, capacity 13795K, committed 13900K, reserved 1048576K
}
Event: 36.389 GC heap after
{Heap after GC invocations=49 (full 0):
 garbage-first heap   total 273408K, used 126446K [0x0000000080000000, 0x0000000100000000)
  region size 1024K, 2 young (2048K), 2 survivors (2048K)
 Metaspace       used 103896K, capacity 106309K, committed 106572K, reserved 1142784K
  class space    used 12909K, capacity 13795K, committed 13900K, reserved 1048576K
}
Event: 36.542 GC heap before
{Heap before GC invocations=49 (full 0):
 garbage-first heap   total 273408K, used 160238K [0x0000000080000000, 0x0000000100000000)
  region size 1024K, 36 young (36864K), 2 survivors (2048K)
 Metaspace       used 103937K, capacity 106336K, committed 106572K, reserved 1142784K
  class space    used 12917K, capacity 13805K, committed 13900K, reserved 1048576K
}
Event: 37.740 GC heap after
{Heap after GC invocations=50 (full 0):
 garbage-first heap   total 273408K, used 133330K [0x0000000080000000, 0x0000000100000000)
  region size 1024K, 5 young (5120K), 5 survivors (5120K)
 Metaspace       used 103937K, capacity 106336K, committed 106572K, reserved 1142784K
  class space    used 12917K, capacity 13805K, committed 13900K, reserved 1048576K
}
Event: 38.818 GC heap before
{Heap before GC invocations=50 (full 0):
 garbage-first heap   total 273408K, used 145618K [0x0000000080000000, 0x0000000100000000)
  region size 1024K, 18 young (18432K), 5 survivors (5120K)
 Metaspace       used 104524K, capacity 106975K, committed 107212K, reserved 1142784K
  class space    used 13012K, capacity 13929K, committed 14028K, reserved 1048576K
}
Event: 38.832 GC heap after
{Heap after GC invocations=51 (full 0):
 garbage-first heap   total 273408K, used 136562K [0x0000000080000000, 0x0000000100000000)
  region size 1024K, 3 young (3072K), 3 survivors (3072K)
 Metaspace       used 104524K, capacity 106975K, committed 107212K, reserved 1142784K
  class space    used 13012K, capacity 13929K, committed 14028K, reserved 1048576K
}
Event: 39.168 GC heap before
{Heap before GC invocations=51 (full 0):
 garbage-first heap   total 273408K, used 179570K [0x0000000080000000, 0x0000000100000000)
  region size 1024K, 46 young (47104K), 3 survivors (3072K)
 Metaspace       used 106395K, capacity 109021K, committed 109260K, reserved 1144832K
  class space    used 13292K, capacity 14284K, committed 14284K, reserved 1048576K
}
Event: 39.186 GC heap after
{Heap after GC invocations=52 (full 0):
 garbage-first heap   total 273408K, used 144192K [0x0000000080000000, 0x0000000100000000)
  region size 1024K, 6 young (6144K), 6 survivors (6144K)
 Metaspace       used 106395K, capacity 109021K, committed 109260K, reserved 1144832K
  class space    used 13292K, capacity 14284K, committed 14284K, reserved 1048576K
}
Event: 40.060 GC heap before
{Heap before GC invocations=53 (full 0):
 garbage-first heap   total 273408K, used 195392K [0x0000000080000000, 0x0000000100000000)
  region size 1024K, 61 young (62464K), 6 survivors (6144K)
 Metaspace       used 110646K, capacity 113470K, committed 113740K, reserved 1148928K
  class space    used 14012K, capacity 15076K, committed 15180K, reserved 1048576K
}
Event: 40.081 GC heap after
{Heap after GC invocations=54 (full 0):
 garbage-first heap   total 273408K, used 142687K [0x0000000080000000, 0x0000000100000000)
  region size 1024K, 6 young (6144K), 6 survivors (6144K)
 Metaspace       used 110646K, capacity 113470K, committed 113740K, reserved 1148928K
  class space    used 14012K, capacity 15076K, committed 15180K, reserved 1048576K
}
Event: 40.121 GC heap before
{Heap before GC invocations=54 (full 0):
 garbage-first heap   total 273408K, used 149855K [0x0000000080000000, 0x0000000100000000)
  region size 1024K, 13 young (13312K), 6 survivors (6144K)
 Metaspace       used 110794K, capacity 113599K, committed 113740K, reserved 1148928K
  class space    used 14031K, capacity 15119K, committed 15180K, reserved 1048576K
}
Event: 40.141 GC heap after
{Heap after GC invocations=55 (full 0):
 garbage-first heap   total 273408K, used 130837K [0x0000000080000000, 0x0000000100000000)
  region size 1024K, 1 young (1024K), 1 survivors (1024K)
 Metaspace       used 110794K, capacity 113599K, committed 113740K, reserved 1148928K
  class space    used 14031K, capacity 15119K, committed 15180K, reserved 1048576K
}
Event: 40.479 GC heap before
{Heap before GC invocations=55 (full 0):
 garbage-first heap   total 273408K, used 201493K [0x0000000080000000, 0x0000000100000000)
  region size 1024K, 71 young (72704K), 1 survivors (1024K)
 Metaspace       used 111892K, capacity 114834K, committed 114892K, reserved 1148928K
  class space    used 14170K, capacity 15274K, committed 15308K, reserved 1048576K
}
Event: 40.494 GC heap after
{Heap after GC invocations=56 (full 0):
 garbage-first heap   total 273408K, used 137584K [0x0000000080000000, 0x0000000100000000)
  region size 1024K, 8 young (8192K), 8 survivors (8192K)
 Metaspace       used 111892K, capacity 114834K, committed 114892K, reserved 1148928K
  class space    used 14170K, capacity 15274K, committed 15308K, reserved 1048576K
}
Event: 40.875 GC heap before
{Heap before GC invocations=56 (full 0):
 garbage-first heap   total 273408K, used 207216K [0x0000000080000000, 0x0000000100000000)
  region size 1024K, 77 young (78848K), 8 survivors (8192K)
 Metaspace       used 111658K, capacity 114312K, committed 115148K, reserved 1148928K
  class space    used 14051K, capacity 15045K, committed 15308K, reserved 1048576K
}
Event: 40.923 GC heap after
{Heap after GC invocations=57 (full 0):
 garbage-first heap   total 273408K, used 144493K [0x0000000080000000, 0x0000000100000000)
  region size 1024K, 10 young (10240K), 10 survivors (10240K)
 Metaspace       used 111658K, capacity 114312K, committed 115148K, reserved 1148928K
  class space    used 14051K, capacity 15045K, committed 15308K, reserved 1048576K
}
Event: 41.167 GC heap before
{Heap before GC invocations=58 (full 0):
 garbage-first heap   total 273408K, used 212077K [0x0000000080000000, 0x0000000100000000)
  region size 1024K, 77 young (78848K), 10 survivors (10240K)
 Metaspace       used 111713K, capacity 114423K, committed 115276K, reserved 1148928K
  class space    used 14067K, capacity 15082K, committed 15436K, reserved 1048576K
}

