# JRE version: OpenJDK Runtime Environment (11.0.10) (build 11.0.10+0-b96-7249189)
# Java VM: OpenJDK 64-Bit Server VM (11.0.10+0-b96-7249189, mixed mode, tiered, compressed oops, g1 gc, windows-amd64)
Heap:
 garbage-first heap   total 485376K, used 160768K [0x0000000080000000, 0x0000000100000000)
  region size 1024K, 6 young (6144K), 6 survivors (6144K)
 Metaspace       used 96671K, capacity 98990K, committed 99148K, reserved 1134592K
  class space    used 12461K, capacity 13337K, committed 13388K, reserved 1048576K
GC Heap History (20 events):
Event: 22.666 GC heap after
{Heap after GC invocations=30 (full 0):
 garbage-first heap   total 189440K, used 84929K [0x0000000080000000, 0x0000000100000000)
  region size 1024K, 4 young (4096K), 4 survivors (4096K)
 Metaspace       used 90617K, capacity 92702K, committed 93260K, reserved 1130496K
  class space    used 11621K, capacity 12395K, committed 12620K, reserved 1048576K
}
Event: 23.011 GC heap before
{Heap before GC invocations=30 (full 0):
 garbage-first heap   total 189440K, used 155585K [0x0000000080000000, 0x0000000100000000)
  region size 1024K, 74 young (75776K), 4 survivors (4096K)
 Metaspace       used 92514K, capacity 94586K, committed 95052K, reserved 1132544K
  class space    used 11873K, capacity 12638K, committed 12876K, reserved 1048576K
}
Event: 23.018 GC heap after
{Heap after GC invocations=31 (full 0):
 garbage-first heap   total 189440K, used 88207K [0x0000000080000000, 0x0000000100000000)
  region size 1024K, 7 young (7168K), 7 survivors (7168K)
 Metaspace       used 92514K, capacity 94586K, committed 95052K, reserved 1132544K
  class space    used 11873K, capacity 12638K, committed 12876K, reserved 1048576K
}
Event: 23.216 GC heap before
{Heap before GC invocations=31 (full 0):
 garbage-first heap   total 189440K, used 157839K [0x0000000080000000, 0x0000000100000000)
  region size 1024K, 77 young (78848K), 7 survivors (7168K)
 Metaspace       used 93574K, capacity 95711K, committed 96204K, reserved 1132544K
  class space    used 12015K, capacity 12803K, committed 13004K, reserved 1048576K
}
Event: 23.230 GC heap after
{Heap after GC invocations=32 (full 0):
 garbage-first heap   total 189440K, used 99727K [0x0000000080000000, 0x0000000100000000)
  region size 1024K, 10 young (10240K), 10 survivors (10240K)
 Metaspace       used 93574K, capacity 95711K, committed 96204K, reserved 1132544K
  class space    used 12015K, capacity 12803K, committed 13004K, reserved 1048576K
}
Event: 23.268 GC heap before
{Heap before GC invocations=32 (full 0):
 garbage-first heap   total 189440K, used 113039K [0x0000000080000000, 0x0000000100000000)
  region size 1024K, 25 young (25600K), 10 survivors (10240K)
 Metaspace       used 93726K, capacity 95854K, committed 96204K, reserved 1132544K
  class space    used 12038K, capacity 12808K, committed 13004K, reserved 1048576K
}
Event: 23.282 GC heap after
{Heap after GC invocations=33 (full 0):
 garbage-first heap   total 189440K, used 101800K [0x0000000080000000, 0x0000000100000000)
  region size 1024K, 5 young (5120K), 5 survivors (5120K)
 Metaspace       used 93726K, capacity 95854K, committed 96204K, reserved 1132544K
  class space    used 12038K, capacity 12808K, committed 13004K, reserved 1048576K
}
Event: 23.536 GC heap before
{Heap before GC invocations=33 (full 0):
 garbage-first heap   total 189440K, used 138664K [0x0000000080000000, 0x0000000100000000)
  region size 1024K, 40 young (40960K), 5 survivors (5120K)
 Metaspace       used 94238K, capacity 96459K, committed 96716K, reserved 1132544K
  class space    used 12113K, capacity 12925K, committed 13004K, reserved 1048576K
}
Event: 23.546 GC heap after
{Heap after GC invocations=34 (full 0):
 garbage-first heap   total 189440K, used 109092K [0x0000000080000000, 0x0000000100000000)
  region size 1024K, 5 young (5120K), 5 survivors (5120K)
 Metaspace       used 94238K, capacity 96459K, committed 96716K, reserved 1132544K
  class space    used 12113K, capacity 12925K, committed 13004K, reserved 1048576K
}
Event: 23.644 GC heap before
{Heap before GC invocations=35 (full 0):
 garbage-first heap   total 189440K, used 140836K [0x0000000080000000, 0x0000000100000000)
  region size 1024K, 37 young (37888K), 5 survivors (5120K)
 Metaspace       used 94403K, capacity 96631K, committed 96972K, reserved 1132544K
  class space    used 12140K, capacity 12940K, committed 13004K, reserved 1048576K
}
Event: 23.657 GC heap after
{Heap after GC invocations=36 (full 0):
 garbage-first heap   total 189440K, used 115849K [0x0000000080000000, 0x0000000100000000)
  region size 1024K, 5 young (5120K), 5 survivors (5120K)
 Metaspace       used 94403K, capacity 96631K, committed 96972K, reserved 1132544K
  class space    used 12140K, capacity 12940K, committed 13004K, reserved 1048576K
}
Event: 23.797 GC heap before
{Heap before GC invocations=36 (full 0):
 garbage-first heap   total 189440K, used 144521K [0x0000000080000000, 0x0000000100000000)
  region size 1024K, 34 young (34816K), 5 survivors (5120K)
 Metaspace       used 94627K, capacity 96878K, committed 97100K, reserved 1132544K
  class space    used 12182K, capacity 13002K, committed 13132K, reserved 1048576K
}
Event: 23.832 GC heap after
{Heap after GC invocations=37 (full 0):
 garbage-first heap   total 242688K, used 122425K [0x0000000080000000, 0x0000000100000000)
  region size 1024K, 5 young (5120K), 5 survivors (5120K)
 Metaspace       used 94627K, capacity 96878K, committed 97100K, reserved 1132544K
  class space    used 12182K, capacity 13002K, committed 13132K, reserved 1048576K
}
Event: 24.260 GC heap before
{Heap before GC invocations=38 (full 0):
 garbage-first heap   total 242688K, used 168505K [0x0000000080000000, 0x0000000100000000)
  region size 1024K, 51 young (52224K), 5 survivors (5120K)
 Metaspace       used 94844K, capacity 97039K, committed 97356K, reserved 1134592K
  class space    used 12190K, capacity 12987K, committed 13132K, reserved 1048576K
}
Event: 24.289 GC heap after
{Heap after GC invocations=39 (full 0):
 garbage-first heap   total 242688K, used 133848K [0x0000000080000000, 0x0000000100000000)
  region size 1024K, 7 young (7168K), 7 survivors (7168K)
 Metaspace       used 94844K, capacity 97039K, committed 97356K, reserved 1134592K
  class space    used 12190K, capacity 12987K, committed 13132K, reserved 1048576K
}
Event: 24.434 GC heap before
{Heap before GC invocations=39 (full 0):
 garbage-first heap   total 242688K, used 177880K [0x0000000080000000, 0x0000000100000000)
  region size 1024K, 50 young (51200K), 7 survivors (7168K)
 Metaspace       used 95742K, capacity 97945K, committed 98252K, reserved 1134592K
  class space    used 12309K, capacity 13117K, committed 13260K, reserved 1048576K
}
Event: 24.471 GC heap after
{Heap after GC invocations=40 (full 0):
 garbage-first heap   total 242688K, used 143842K [0x0000000080000000, 0x0000000100000000)
  region size 1024K, 7 young (7168K), 7 survivors (7168K)
 Metaspace       used 95742K, capacity 97945K, committed 98252K, reserved 1134592K
  class space    used 12309K, capacity 13117K, committed 13260K, reserved 1048576K
}
Event: 24.580 GC heap before
{Heap before GC invocations=40 (full 0):
 garbage-first heap   total 242688K, used 183778K [0x0000000080000000, 0x0000000100000000)
  region size 1024K, 47 young (48128K), 7 survivors (7168K)
 Metaspace       used 96279K, capacity 98537K, committed 98764K, reserved 1134592K
  class space    used 12372K, capacity 13184K, committed 13260K, reserved 1048576K
}
Event: 24.606 GC heap after
{Heap after GC invocations=41 (full 0):
 garbage-first heap   total 242688K, used 152220K [0x0000000080000000, 0x0000000100000000)
  region size 1024K, 6 young (6144K), 6 survivors (6144K)
 Metaspace       used 96279K, capacity 98537K, committed 98764K, reserved 1134592K
  class space    used 12372K, capacity 13184K, committed 13260K, reserved 1048576K
}
Event: 24.710 GC heap before
{Heap before GC invocations=41 (full 0):
 garbage-first heap   total 242688K, used 191132K [0x0000000080000000, 0x0000000100000000)
  region size 1024K, 44 young (45056K), 6 survivors (6144K)
 Metaspace       used 96671K, capacity 98990K, committed 99148K, reserved 1134592K
  class space    used 12461K, capacity 13337K, committed 13388K, reserved 1048576K
}

