# JRE version: OpenJDK Runtime Environment (11.0.10) (build 11.0.10+0-b96-7249189)
# Java VM: OpenJDK 64-Bit Server VM (11.0.10+0-b96-7249189, mixed mode, tiered, compressed oops, g1 gc, windows-amd64)
Heap:
 garbage-first heap   total 622592K, used 197604K [0x0000000080000000, 0x0000000100000000)
  region size 1024K, 17 young (17408K), 17 survivors (17408K)
 Metaspace       used 105777K, capacity 108476K, committed 109132K, reserved 1142784K
  class space    used 13571K, capacity 14605K, committed 14924K, reserved 1048576K
GC Heap History (20 events):
Event: 23.932 GC heap after
{Heap after GC invocations=29 (full 0):
 garbage-first heap   total 227328K, used 146338K [0x0000000080000000, 0x0000000100000000)
  region size 1024K, 6 young (6144K), 6 survivors (6144K)
 Metaspace       used 99458K, capacity 102143K, committed 102348K, reserved 1138688K
  class space    used 12933K, capacity 13995K, committed 14028K, reserved 1048576K
}
Event: 24.309 GC heap before
{Heap before GC invocations=29 (full 0):
 garbage-first heap   total 227328K, used 184226K [0x0000000080000000, 0x0000000100000000)
  region size 1024K, 43 young (44032K), 6 survivors (6144K)
 Metaspace       used 101684K, capacity 104383K, committed 105036K, reserved 1140736K
  class space    used 13297K, capacity 14360K, committed 14668K, reserved 1048576K
}
Event: 24.329 GC heap after
{Heap after GC invocations=30 (full 0):
 garbage-first heap   total 227328K, used 152337K [0x0000000080000000, 0x0000000100000000)
  region size 1024K, 6 young (6144K), 6 survivors (6144K)
 Metaspace       used 101684K, capacity 104383K, committed 105036K, reserved 1140736K
  class space    used 13297K, capacity 14360K, committed 14668K, reserved 1048576K
}
Event: 24.555 GC heap before
{Heap before GC invocations=31 (full 0):
 garbage-first heap   total 227328K, used 186129K [0x0000000080000000, 0x0000000100000000)
  region size 1024K, 39 young (39936K), 6 survivors (6144K)
 Metaspace       used 102650K, capacity 105344K, committed 105932K, reserved 1140736K
  class space    used 13469K, capacity 14527K, committed 14796K, reserved 1048576K
}
Event: 24.571 GC heap after
{Heap after GC invocations=32 (full 0):
 garbage-first heap   total 287744K, used 154501K [0x0000000080000000, 0x0000000100000000)
  region size 1024K, 3 young (3072K), 3 survivors (3072K)
 Metaspace       used 102650K, capacity 105344K, committed 105932K, reserved 1140736K
  class space    used 13469K, capacity 14527K, committed 14796K, reserved 1048576K
}
Event: 24.872 GC heap before
{Heap before GC invocations=32 (full 0):
 garbage-first heap   total 287744K, used 214917K [0x0000000080000000, 0x0000000100000000)
  region size 1024K, 62 young (63488K), 3 survivors (3072K)
 Metaspace       used 103744K, capacity 106525K, committed 106700K, reserved 1140736K
  class space    used 13582K, capacity 14681K, committed 14796K, reserved 1048576K
}
Event: 24.883 GC heap after
{Heap after GC invocations=33 (full 0):
 garbage-first heap   total 287744K, used 156731K [0x0000000080000000, 0x0000000100000000)
  region size 1024K, 5 young (5120K), 5 survivors (5120K)
 Metaspace       used 103744K, capacity 106525K, committed 106700K, reserved 1140736K
  class space    used 13582K, capacity 14681K, committed 14796K, reserved 1048576K
}
Event: 25.400 GC heap before
{Heap before GC invocations=34 (full 0):
 garbage-first heap   total 287744K, used 219195K [0x0000000080000000, 0x0000000100000000)
  region size 1024K, 67 young (68608K), 5 survivors (5120K)
 Metaspace       used 104211K, capacity 106858K, committed 107852K, reserved 1142784K
  class space    used 13536K, capacity 14549K, committed 14924K, reserved 1048576K
}
Event: 25.417 GC heap after
{Heap after GC invocations=35 (full 0):
 garbage-first heap   total 287744K, used 159611K [0x0000000080000000, 0x0000000100000000)
  region size 1024K, 6 young (6144K), 6 survivors (6144K)
 Metaspace       used 104211K, capacity 106858K, committed 107852K, reserved 1142784K
  class space    used 13536K, capacity 14549K, committed 14924K, reserved 1048576K
}
Event: 25.598 GC heap before
{Heap before GC invocations=35 (full 0):
 garbage-first heap   total 287744K, used 225147K [0x0000000080000000, 0x0000000100000000)
  region size 1024K, 70 young (71680K), 6 survivors (6144K)
 Metaspace       used 104235K, capacity 106879K, committed 107852K, reserved 1142784K
  class space    used 13540K, capacity 14557K, committed 14924K, reserved 1048576K
}
Event: 25.642 GC heap after
{Heap after GC invocations=36 (full 0):
 garbage-first heap   total 287744K, used 165177K [0x0000000080000000, 0x0000000100000000)
  region size 1024K, 9 young (9216K), 9 survivors (9216K)
 Metaspace       used 104235K, capacity 106879K, committed 107852K, reserved 1142784K
  class space    used 13540K, capacity 14557K, committed 14924K, reserved 1048576K
}
Event: 25.935 GC heap before
{Heap before GC invocations=36 (full 0):
 garbage-first heap   total 287744K, used 229689K [0x0000000080000000, 0x0000000100000000)
  region size 1024K, 72 young (73728K), 9 survivors (9216K)
 Metaspace       used 104257K, capacity 106944K, committed 107852K, reserved 1142784K
  class space    used 13548K, capacity 14557K, committed 14924K, reserved 1048576K
}
Event: 25.968 GC heap after
{Heap after GC invocations=37 (full 0):
 garbage-first heap   total 465920K, used 171444K [0x0000000080000000, 0x0000000100000000)
  region size 1024K, 7 young (7168K), 7 survivors (7168K)
 Metaspace       used 104257K, capacity 106944K, committed 107852K, reserved 1142784K
  class space    used 13548K, capacity 14557K, committed 14924K, reserved 1048576K
}
Event: 26.900 GC heap before
{Heap before GC invocations=38 (full 0):
 garbage-first heap   total 465920K, used 303540K [0x0000000080000000, 0x0000000100000000)
  region size 1024K, 137 young (140288K), 7 survivors (7168K)
 Metaspace       used 104915K, capacity 107547K, committed 108364K, reserved 1142784K
  class space    used 13557K, capacity 14557K, committed 14924K, reserved 1048576K
}
Event: 26.928 GC heap after
{Heap after GC invocations=39 (full 0):
 garbage-first heap   total 465920K, used 176804K [0x0000000080000000, 0x0000000100000000)
  region size 1024K, 13 young (13312K), 13 survivors (13312K)
 Metaspace       used 104915K, capacity 107547K, committed 108364K, reserved 1142784K
  class space    used 13557K, capacity 14557K, committed 14924K, reserved 1048576K
}
Event: 27.832 GC heap before
{Heap before GC invocations=39 (full 0):
 garbage-first heap   total 465920K, used 345764K [0x0000000080000000, 0x0000000100000000)
  region size 1024K, 179 young (183296K), 13 survivors (13312K)
 Metaspace       used 105279K, capacity 107926K, committed 108620K, reserved 1142784K
  class space    used 13563K, capacity 14568K, committed 14924K, reserved 1048576K
}
Event: 27.852 GC heap after
{Heap after GC invocations=40 (full 0):
 garbage-first heap   total 465920K, used 181864K [0x0000000080000000, 0x0000000100000000)
  region size 1024K, 13 young (13312K), 13 survivors (13312K)
 Metaspace       used 105279K, capacity 107926K, committed 108620K, reserved 1142784K
  class space    used 13563K, capacity 14568K, committed 14924K, reserved 1048576K
}
Event: 28.330 GC heap before
{Heap before GC invocations=40 (full 0):
 garbage-first heap   total 465920K, used 363112K [0x0000000080000000, 0x0000000100000000)
  region size 1024K, 191 young (195584K), 13 survivors (13312K)
 Metaspace       used 105540K, capacity 108241K, committed 108876K, reserved 1142784K
  class space    used 13567K, capacity 14600K, committed 14924K, reserved 1048576K
}
Event: 28.356 GC heap after
{Heap after GC invocations=41 (full 0):
 garbage-first heap   total 465920K, used 192899K [0x0000000080000000, 0x0000000100000000)
  region size 1024K, 24 young (24576K), 24 survivors (24576K)
 Metaspace       used 105540K, capacity 108241K, committed 108876K, reserved 1142784K
  class space    used 13567K, capacity 14600K, committed 14924K, reserved 1048576K
}
Event: 28.791 GC heap before
{Heap before GC invocations=41 (full 0):
 garbage-first heap   total 465920K, used 369027K [0x0000000080000000, 0x0000000100000000)
  region size 1024K, 197 young (201728K), 24 survivors (24576K)
 Metaspace       used 105777K, capacity 108476K, committed 109132K, reserved 1142784K
  class space    used 13571K, capacity 14605K, committed 14924K, reserved 1048576K
}

