# JRE version: OpenJDK Runtime Environment (11.0.10) (build 11.0.10+0-b96-7249189)
# Java VM: OpenJDK 64-Bit Server VM (11.0.10+0-b96-7249189, mixed mode, tiered, compressed oops, g1 gc, windows-amd64)
Heap:
 garbage-first heap   total 534528K, used 191859K [0x0000000080000000, 0x0000000100000000)
  region size 1024K, 2 young (2048K), 2 survivors (2048K)
 Metaspace       used 100640K, capacity 103166K, committed 103500K, reserved 1138688K
  class space    used 13101K, capacity 14021K, committed 14156K, reserved 1048576K
GC Heap History (20 events):
Event: 25.316 GC heap after
{Heap after GC invocations=26 (full 0):
 garbage-first heap   total 189440K, used 149205K [0x0000000080000000, 0x0000000100000000)
  region size 1024K, 3 young (3072K), 3 survivors (3072K)
 Metaspace       used 97822K, capacity 100151K, committed 100556K, reserved 1136640K
  class space    used 12712K, capacity 13573K, committed 13772K, reserved 1048576K
}
Event: 25.371 GC heap before
{Heap before GC invocations=26 (full 0):
 garbage-first heap   total 189440K, used 159445K [0x0000000080000000, 0x0000000100000000)
  region size 1024K, 13 young (13312K), 3 survivors (3072K)
 Metaspace       used 97837K, capacity 100152K, committed 100556K, reserved 1136640K
  class space    used 12712K, capacity 13573K, committed 13772K, reserved 1048576K
}
Event: 25.384 GC heap after
{Heap after GC invocations=27 (full 0):
 garbage-first heap   total 189440K, used 155130K [0x0000000080000000, 0x0000000100000000)
  region size 1024K, 2 young (2048K), 2 survivors (2048K)
 Metaspace       used 97837K, capacity 100152K, committed 100556K, reserved 1136640K
  class space    used 12712K, capacity 13573K, committed 13772K, reserved 1048576K
}
Event: 25.418 GC heap before
{Heap before GC invocations=27 (full 0):
 garbage-first heap   total 189440K, used 161274K [0x0000000080000000, 0x0000000100000000)
  region size 1024K, 9 young (9216K), 2 survivors (2048K)
 Metaspace       used 97845K, capacity 100153K, committed 100556K, reserved 1136640K
  class space    used 12712K, capacity 13573K, committed 13772K, reserved 1048576K
}
Event: 25.431 GC heap after
{Heap after GC invocations=28 (full 0):
 garbage-first heap   total 240640K, used 159074K [0x0000000080000000, 0x0000000100000000)
  region size 1024K, 2 young (2048K), 2 survivors (2048K)
 Metaspace       used 97845K, capacity 100153K, committed 100556K, reserved 1136640K
  class space    used 12712K, capacity 13573K, committed 13772K, reserved 1048576K
}
Event: 25.567 GC heap before
{Heap before GC invocations=28 (full 0):
 garbage-first heap   total 240640K, used 183650K [0x0000000080000000, 0x0000000100000000)
  region size 1024K, 27 young (27648K), 2 survivors (2048K)
 Metaspace       used 97866K, capacity 100220K, committed 100812K, reserved 1136640K
  class space    used 12712K, capacity 13573K, committed 13772K, reserved 1048576K
}
Event: 25.589 GC heap after
{Heap after GC invocations=29 (full 0):
 garbage-first heap   total 240640K, used 172476K [0x0000000080000000, 0x0000000100000000)
  region size 1024K, 4 young (4096K), 4 survivors (4096K)
 Metaspace       used 97866K, capacity 100220K, committed 100812K, reserved 1136640K
  class space    used 12712K, capacity 13573K, committed 13772K, reserved 1048576K
}
Event: 25.729 GC heap before
{Heap before GC invocations=29 (full 0):
 garbage-first heap   total 240640K, used 190908K [0x0000000080000000, 0x0000000100000000)
  region size 1024K, 23 young (23552K), 4 survivors (4096K)
 Metaspace       used 97891K, capacity 100220K, committed 100812K, reserved 1136640K
  class space    used 12712K, capacity 13573K, committed 13772K, reserved 1048576K
}
Event: 25.754 GC heap after
{Heap after GC invocations=30 (full 0):
 garbage-first heap   total 240640K, used 182500K [0x0000000080000000, 0x0000000100000000)
  region size 1024K, 3 young (3072K), 3 survivors (3072K)
 Metaspace       used 97891K, capacity 100220K, committed 100812K, reserved 1136640K
  class space    used 12712K, capacity 13573K, committed 13772K, reserved 1048576K
}
Event: 25.877 GC heap before
{Heap before GC invocations=31 (full 0):
 garbage-first heap   total 240640K, used 197860K [0x0000000080000000, 0x0000000100000000)
  region size 1024K, 18 young (18432K), 3 survivors (3072K)
 Metaspace       used 97891K, capacity 100220K, committed 100812K, reserved 1136640K
  class space    used 12712K, capacity 13573K, committed 13772K, reserved 1048576K
}
Event: 25.893 GC heap after
{Heap after GC invocations=32 (full 0):
 garbage-first heap   total 240640K, used 190712K [0x0000000080000000, 0x0000000100000000)
  region size 1024K, 3 young (3072K), 3 survivors (3072K)
 Metaspace       used 97891K, capacity 100220K, committed 100812K, reserved 1136640K
  class space    used 12712K, capacity 13573K, committed 13772K, reserved 1048576K
}
Event: 26.182 GC heap before
{Heap before GC invocations=32 (full 0):
 garbage-first heap   total 240640K, used 201976K [0x0000000080000000, 0x0000000100000000)
  region size 1024K, 14 young (14336K), 3 survivors (3072K)
 Metaspace       used 99637K, capacity 101998K, committed 102220K, reserved 1138688K
  class space    used 12981K, capacity 13867K, committed 13900K, reserved 1048576K
}
Event: 26.202 GC heap after
{Heap after GC invocations=33 (full 0):
 garbage-first heap   total 312320K, used 193536K [0x0000000080000000, 0x0000000100000000)
  region size 1024K, 2 young (2048K), 2 survivors (2048K)
 Metaspace       used 99637K, capacity 101998K, committed 102220K, reserved 1138688K
  class space    used 12981K, capacity 13867K, committed 13900K, reserved 1048576K
}
Event: 26.741 GC heap before
{Heap before GC invocations=33 (full 0):
 garbage-first heap   total 312320K, used 214016K [0x0000000080000000, 0x0000000100000000)
  region size 1024K, 34 young (34816K), 2 survivors (2048K)
 Metaspace       used 100107K, capacity 102539K, committed 102860K, reserved 1138688K
  class space    used 13041K, capacity 13949K, committed 14028K, reserved 1048576K
}
Event: 26.763 GC heap after
{Heap after GC invocations=34 (full 0):
 garbage-first heap   total 312320K, used 187321K [0x0000000080000000, 0x0000000100000000)
  region size 1024K, 5 young (5120K), 5 survivors (5120K)
 Metaspace       used 100107K, capacity 102539K, committed 102860K, reserved 1138688K
  class space    used 13041K, capacity 13949K, committed 14028K, reserved 1048576K
}
Event: 27.251 GC heap before
{Heap before GC invocations=35 (full 0):
 garbage-first heap   total 312320K, used 224185K [0x0000000080000000, 0x0000000100000000)
  region size 1024K, 41 young (41984K), 5 survivors (5120K)
 Metaspace       used 100628K, capacity 103165K, committed 103500K, reserved 1138688K
  class space    used 13101K, capacity 14021K, committed 14156K, reserved 1048576K
}
Event: 27.274 GC heap after
{Heap after GC invocations=36 (full 0):
 garbage-first heap   total 312320K, used 191624K [0x0000000080000000, 0x0000000100000000)
  region size 1024K, 5 young (5120K), 5 survivors (5120K)
 Metaspace       used 100628K, capacity 103165K, committed 103500K, reserved 1138688K
  class space    used 13101K, capacity 14021K, committed 14156K, reserved 1048576K
}
Event: 27.429 GC heap before
{Heap before GC invocations=36 (full 0):
 garbage-first heap   total 312320K, used 201864K [0x0000000080000000, 0x0000000100000000)
  region size 1024K, 15 young (15360K), 5 survivors (5120K)
 Metaspace       used 100638K, capacity 103165K, committed 103500K, reserved 1138688K
  class space    used 13101K, capacity 14021K, committed 14156K, reserved 1048576K
}
Event: 27.442 GC heap after
{Heap after GC invocations=37 (full 0):
 garbage-first heap   total 312320K, used 192227K [0x0000000080000000, 0x0000000100000000)
  region size 1024K, 2 young (2048K), 2 survivors (2048K)
 Metaspace       used 100638K, capacity 103165K, committed 103500K, reserved 1138688K
  class space    used 13101K, capacity 14021K, committed 14156K, reserved 1048576K
}
Event: 27.465 GC heap before
{Heap before GC invocations=37 (full 0):
 garbage-first heap   total 312320K, used 192227K [0x0000000080000000, 0x0000000100000000)
  region size 1024K, 3 young (3072K), 2 survivors (2048K)
 Metaspace       used 100640K, capacity 103166K, committed 103500K, reserved 1138688K
  class space    used 13101K, capacity 14021K, committed 14156K, reserved 1048576K
}

