# JRE version: OpenJDK Runtime Environment (11.0.10) (build 11.0.10+0-b96-7249189)
# Java VM: OpenJDK 64-Bit Server VM (11.0.10+0-b96-7249189, mixed mode, tiered, compressed oops, g1 gc, windows-amd64)
Heap:
 garbage-first heap   total 973824K, used 196997K [0x0000000080000000, 0x0000000100000000)
  region size 1024K, 13 young (13312K), 13 survivors (13312K)
 Metaspace       used 101897K, capacity 104550K, committed 104780K, reserved 1140736K
  class space    used 13279K, capacity 14327K, committed 14412K, reserved 1048576K
GC Heap History (20 events):
Event: 20.939 GC heap after
{Heap after GC invocations=30 (full 0):
 garbage-first heap   total 189440K, used 128618K [0x0000000080000000, 0x0000000100000000)
  region size 1024K, 5 young (5120K), 5 survivors (5120K)
 Metaspace       used 93359K, capacity 95611K, committed 95948K, reserved 1132544K
  class space    used 12046K, capacity 12877K, committed 13004K, reserved 1048576K
}
Event: 21.015 GC heap before
{Heap before GC invocations=30 (full 0):
 garbage-first heap   total 189440K, used 154218K [0x0000000080000000, 0x0000000100000000)
  region size 1024K, 30 young (30720K), 5 survivors (5120K)
 Metaspace       used 93454K, capacity 95729K, committed 95948K, reserved 1132544K
  class space    used 12063K, capacity 12917K, committed 13004K, reserved 1048576K
}
Event: 21.039 GC heap after
{Heap after GC invocations=31 (full 0):
 garbage-first heap   total 248832K, used 136192K [0x0000000080000000, 0x0000000100000000)
  region size 1024K, 4 young (4096K), 4 survivors (4096K)
 Metaspace       used 93454K, capacity 95729K, committed 95948K, reserved 1132544K
  class space    used 12063K, capacity 12917K, committed 13004K, reserved 1048576K
}
Event: 21.554 GC heap before
{Heap before GC invocations=32 (full 0):
 garbage-first heap   total 248832K, used 182272K [0x0000000080000000, 0x0000000100000000)
  region size 1024K, 50 young (51200K), 4 survivors (4096K)
 Metaspace       used 95225K, capacity 97485K, committed 97740K, reserved 1134592K
  class space    used 12275K, capacity 13135K, committed 13260K, reserved 1048576K
}
Event: 21.579 GC heap after
{Heap after GC invocations=33 (full 0):
 garbage-first heap   total 248832K, used 146369K [0x0000000080000000, 0x0000000100000000)
  region size 1024K, 7 young (7168K), 7 survivors (7168K)
 Metaspace       used 95225K, capacity 97485K, committed 97740K, reserved 1134592K
  class space    used 12275K, capacity 13135K, committed 13260K, reserved 1048576K
}
Event: 21.666 GC heap before
{Heap before GC invocations=33 (full 0):
 garbage-first heap   total 248832K, used 189377K [0x0000000080000000, 0x0000000100000000)
  region size 1024K, 50 young (51200K), 7 survivors (7168K)
 Metaspace       used 95547K, capacity 97856K, committed 97996K, reserved 1134592K
  class space    used 12348K, capacity 13251K, committed 13260K, reserved 1048576K
}
Event: 21.693 GC heap after
{Heap after GC invocations=34 (full 0):
 garbage-first heap   total 248832K, used 156672K [0x0000000080000000, 0x0000000100000000)
  region size 1024K, 7 young (7168K), 7 survivors (7168K)
 Metaspace       used 95547K, capacity 97856K, committed 97996K, reserved 1134592K
  class space    used 12348K, capacity 13251K, committed 13260K, reserved 1048576K
}
Event: 21.915 GC heap before
{Heap before GC invocations=34 (full 0):
 garbage-first heap   total 248832K, used 196608K [0x0000000080000000, 0x0000000100000000)
  region size 1024K, 46 young (47104K), 7 survivors (7168K)
 Metaspace       used 96693K, capacity 99112K, committed 99404K, reserved 1134592K
  class space    used 12565K, capacity 13523K, committed 13644K, reserved 1048576K
}
Event: 21.948 GC heap after
{Heap after GC invocations=35 (full 0):
 garbage-first heap   total 248832K, used 164492K [0x0000000080000000, 0x0000000100000000)
  region size 1024K, 6 young (6144K), 6 survivors (6144K)
 Metaspace       used 96693K, capacity 99112K, committed 99404K, reserved 1134592K
  class space    used 12565K, capacity 13523K, committed 13644K, reserved 1048576K
}
Event: 22.275 GC heap before
{Heap before GC invocations=35 (full 0):
 garbage-first heap   total 248832K, used 200332K [0x0000000080000000, 0x0000000100000000)
  region size 1024K, 42 young (43008K), 6 survivors (6144K)
 Metaspace       used 98376K, capacity 100834K, committed 101196K, reserved 1136640K
  class space    used 12831K, capacity 13781K, committed 13900K, reserved 1048576K
}
Event: 22.422 GC heap after
{Heap after GC invocations=36 (full 0):
 garbage-first heap   total 506880K, used 171127K [0x0000000080000000, 0x0000000100000000)
  region size 1024K, 6 young (6144K), 6 survivors (6144K)
 Metaspace       used 98376K, capacity 100834K, committed 101196K, reserved 1136640K
  class space    used 12831K, capacity 13781K, committed 13900K, reserved 1048576K
}
Event: 23.444 GC heap before
{Heap before GC invocations=37 (full 0):
 garbage-first heap   total 506880K, used 294007K [0x0000000080000000, 0x0000000100000000)
  region size 1024K, 127 young (130048K), 6 survivors (6144K)
 Metaspace       used 101214K, capacity 103822K, committed 103884K, reserved 1138688K
  class space    used 13225K, capacity 14236K, committed 14284K, reserved 1048576K
}
Event: 23.484 GC heap after
{Heap after GC invocations=38 (full 0):
 garbage-first heap   total 506880K, used 178367K [0x0000000080000000, 0x0000000100000000)
  region size 1024K, 13 young (13312K), 13 survivors (13312K)
 Metaspace       used 101214K, capacity 103822K, committed 103884K, reserved 1138688K
  class space    used 13225K, capacity 14236K, committed 14284K, reserved 1048576K
}
Event: 24.142 GC heap before
{Heap before GC invocations=38 (full 0):
 garbage-first heap   total 506880K, used 252095K [0x0000000080000000, 0x0000000100000000)
  region size 1024K, 86 young (88064K), 13 survivors (13312K)
 Metaspace       used 101571K, capacity 104236K, committed 104524K, reserved 1138688K
  class space    used 13253K, capacity 14287K, committed 14412K, reserved 1048576K
}
Event: 24.167 GC heap after
{Heap after GC invocations=39 (full 0):
 garbage-first heap   total 506880K, used 185234K [0x0000000080000000, 0x0000000100000000)
  region size 1024K, 8 young (8192K), 8 survivors (8192K)
 Metaspace       used 101571K, capacity 104236K, committed 104524K, reserved 1138688K
  class space    used 13253K, capacity 14287K, committed 14412K, reserved 1048576K
}
Event: 24.697 GC heap before
{Heap before GC invocations=39 (full 0):
 garbage-first heap   total 506880K, used 289682K [0x0000000080000000, 0x0000000100000000)
  region size 1024K, 111 young (113664K), 8 survivors (8192K)
 Metaspace       used 101634K, capacity 104258K, committed 104524K, reserved 1138688K
  class space    used 13263K, capacity 14295K, committed 14412K, reserved 1048576K
}
Event: 24.712 GC heap after
{Heap after GC invocations=40 (full 0):
 garbage-first heap   total 506880K, used 189757K [0x0000000080000000, 0x0000000100000000)
  region size 1024K, 12 young (12288K), 12 survivors (12288K)
 Metaspace       used 101634K, capacity 104258K, committed 104524K, reserved 1138688K
  class space    used 13263K, capacity 14295K, committed 14412K, reserved 1048576K
}
Event: 25.141 GC heap before
{Heap before GC invocations=40 (full 0):
 garbage-first heap   total 506880K, used 333117K [0x0000000080000000, 0x0000000100000000)
  region size 1024K, 153 young (156672K), 12 survivors (12288K)
 Metaspace       used 101680K, capacity 104354K, committed 104524K, reserved 1138688K
  class space    used 13278K, capacity 14327K, committed 14412K, reserved 1048576K
}
Event: 25.164 GC heap after
{Heap after GC invocations=41 (full 0):
 garbage-first heap   total 506880K, used 193923K [0x0000000080000000, 0x0000000100000000)
  region size 1024K, 10 young (10240K), 10 survivors (10240K)
 Metaspace       used 101680K, capacity 104354K, committed 104524K, reserved 1138688K
  class space    used 13278K, capacity 14327K, committed 14412K, reserved 1048576K
}
Event: 25.649 GC heap before
{Heap before GC invocations=41 (full 0):
 garbage-first heap   total 506880K, used 358787K [0x0000000080000000, 0x0000000100000000)
  region size 1024K, 171 young (175104K), 10 survivors (10240K)
 Metaspace       used 101897K, capacity 104550K, committed 104780K, reserved 1140736K
  class space    used 13279K, capacity 14327K, committed 14412K, reserved 1048576K
}

