# JRE version: OpenJDK Runtime Environment (11.0.10) (build 11.0.10+0-b96-7249189)
# Java VM: OpenJDK 64-Bit Server VM (11.0.10+0-b96-7249189, mixed mode, tiered, compressed oops, g1 gc, windows-amd64)
Heap:
 garbage-first heap   total 752640K, used 277376K [0x0000000080000000, 0x0000000100000000)
  region size 1024K, 18 young (18432K), 18 survivors (18432K)
 Metaspace       used 161071K, capacity 165177K, committed 166224K, reserved 1193984K
  class space    used 19402K, capacity 20915K, committed 21196K, reserved 1048576K
GC Heap History (20 events):
Event: 13019.878 GC heap before
{Heap before GC invocations=228 (full 0):
 garbage-first heap   total 445440K, used 347231K [0x0000000080000000, 0x0000000100000000)
  region size 1024K, 189 young (193536K), 3 survivors (3072K)
 Metaspace       used 160394K, capacity 164454K, committed 165712K, reserved 1193984K
  class space    used 19379K, capacity 20885K, committed 21196K, reserved 1048576K
}
Event: 13019.888 GC heap after
{Heap after GC invocations=229 (full 0):
 garbage-first heap   total 445440K, used 157362K [0x0000000080000000, 0x0000000100000000)
  region size 1024K, 4 young (4096K), 4 survivors (4096K)
 Metaspace       used 160394K, capacity 164454K, committed 165712K, reserved 1193984K
  class space    used 19379K, capacity 20885K, committed 21196K, reserved 1048576K
}
Event: 13020.820 GC heap before
{Heap before GC invocations=229 (full 0):
 garbage-first heap   total 445440K, used 363186K [0x0000000080000000, 0x0000000100000000)
  region size 1024K, 205 young (209920K), 4 survivors (4096K)
 Metaspace       used 160438K, capacity 164455K, committed 165712K, reserved 1193984K
  class space    used 19381K, capacity 20885K, committed 21196K, reserved 1048576K
}
Event: 13020.835 GC heap after
{Heap after GC invocations=230 (full 0):
 garbage-first heap   total 445440K, used 161260K [0x0000000080000000, 0x0000000100000000)
  region size 1024K, 8 young (8192K), 8 survivors (8192K)
 Metaspace       used 160438K, capacity 164455K, committed 165712K, reserved 1193984K
  class space    used 19381K, capacity 20885K, committed 21196K, reserved 1048576K
}
Event: 13021.577 GC heap before
{Heap before GC invocations=231 (full 0):
 garbage-first heap   total 445440K, used 376300K [0x0000000080000000, 0x0000000100000000)
  region size 1024K, 218 young (223232K), 8 survivors (8192K)
 Metaspace       used 160446K, capacity 164457K, committed 165712K, reserved 1193984K
  class space    used 19381K, capacity 20885K, committed 21196K, reserved 1048576K
}
Event: 13021.593 GC heap after
{Heap after GC invocations=232 (full 0):
 garbage-first heap   total 445440K, used 160090K [0x0000000080000000, 0x0000000100000000)
  region size 1024K, 6 young (6144K), 6 survivors (6144K)
 Metaspace       used 160446K, capacity 164457K, committed 165712K, reserved 1193984K
  class space    used 19381K, capacity 20885K, committed 21196K, reserved 1048576K
}
Event: 13022.350 GC heap before
{Heap before GC invocations=232 (full 0):
 garbage-first heap   total 445440K, used 385370K [0x0000000080000000, 0x0000000100000000)
  region size 1024K, 226 young (231424K), 6 survivors (6144K)
 Metaspace       used 160454K, capacity 164458K, committed 165712K, reserved 1193984K
  class space    used 19381K, capacity 20885K, committed 21196K, reserved 1048576K
}
Event: 13022.364 GC heap after
{Heap after GC invocations=233 (full 0):
 garbage-first heap   total 445440K, used 160365K [0x0000000080000000, 0x0000000100000000)
  region size 1024K, 7 young (7168K), 7 survivors (7168K)
 Metaspace       used 160454K, capacity 164458K, committed 165712K, reserved 1193984K
  class space    used 19381K, capacity 20885K, committed 21196K, reserved 1048576K
}
Event: 13023.410 GC heap before
{Heap before GC invocations=234 (full 0):
 garbage-first heap   total 445440K, used 385645K [0x0000000080000000, 0x0000000100000000)
  region size 1024K, 227 young (232448K), 7 survivors (7168K)
 Metaspace       used 160475K, capacity 164523K, committed 165712K, reserved 1193984K
  class space    used 19381K, capacity 20885K, committed 21196K, reserved 1048576K
}
Event: 13023.421 GC heap after
{Heap after GC invocations=235 (full 0):
 garbage-first heap   total 445440K, used 160823K [0x0000000080000000, 0x0000000100000000)
  region size 1024K, 7 young (7168K), 7 survivors (7168K)
 Metaspace       used 160475K, capacity 164523K, committed 165712K, reserved 1193984K
  class space    used 19381K, capacity 20885K, committed 21196K, reserved 1048576K
}
Event: 13023.658 GC heap before
{Heap before GC invocations=235 (full 0):
 garbage-first heap   total 445440K, used 196663K [0x0000000080000000, 0x0000000100000000)
  region size 1024K, 44 young (45056K), 7 survivors (7168K)
 Metaspace       used 160588K, capacity 164628K, committed 165712K, reserved 1193984K
  class space    used 19383K, capacity 20890K, committed 21196K, reserved 1048576K
}
Event: 13023.672 GC heap after
{Heap after GC invocations=236 (full 0):
 garbage-first heap   total 445440K, used 164027K [0x0000000080000000, 0x0000000100000000)
  region size 1024K, 10 young (10240K), 10 survivors (10240K)
 Metaspace       used 160588K, capacity 164628K, committed 165712K, reserved 1193984K
  class space    used 19383K, capacity 20890K, committed 21196K, reserved 1048576K
}
Event: 13024.111 GC heap before
{Heap before GC invocations=237 (full 0):
 garbage-first heap   total 445440K, used 181435K [0x0000000080000000, 0x0000000100000000)
  region size 1024K, 24 young (24576K), 10 survivors (10240K)
 Metaspace       used 160672K, capacity 164737K, committed 165712K, reserved 1193984K
  class space    used 19386K, capacity 20895K, committed 21196K, reserved 1048576K
}
Event: 13024.119 GC heap after
{Heap after GC invocations=238 (full 0):
 garbage-first heap   total 445440K, used 156649K [0x0000000080000000, 0x0000000100000000)
  region size 1024K, 3 young (3072K), 3 survivors (3072K)
 Metaspace       used 160672K, capacity 164737K, committed 165712K, reserved 1193984K
  class space    used 19386K, capacity 20895K, committed 21196K, reserved 1048576K
}
Event: 13025.275 GC heap before
{Heap before GC invocations=239 (full 0):
 garbage-first heap   total 445440K, used 415721K [0x0000000080000000, 0x0000000100000000)
  region size 1024K, 222 young (227328K), 3 survivors (3072K)
 Metaspace       used 160942K, capacity 165031K, committed 165968K, reserved 1193984K
  class space    used 19398K, capacity 20912K, committed 21196K, reserved 1048576K
}
Event: 13025.645 GC heap after
{Heap after GC invocations=240 (full 0):
 garbage-first heap   total 489472K, used 238868K [0x0000000080000000, 0x0000000100000000)
  region size 1024K, 28 young (28672K), 28 survivors (28672K)
 Metaspace       used 160942K, capacity 165031K, committed 165968K, reserved 1193984K
  class space    used 19398K, capacity 20912K, committed 21196K, reserved 1048576K
}
Event: 13025.717 GC heap before
{Heap before GC invocations=240 (full 0):
 garbage-first heap   total 489472K, used 239892K [0x0000000080000000, 0x0000000100000000)
  region size 1024K, 29 young (29696K), 28 survivors (28672K)
 Metaspace       used 160942K, capacity 165031K, committed 165968K, reserved 1193984K
  class space    used 19398K, capacity 20912K, committed 21196K, reserved 1048576K
}
Event: 13025.885 GC heap after
{Heap after GC invocations=241 (full 0):
 garbage-first heap   total 489472K, used 241616K [0x0000000080000000, 0x0000000100000000)
  region size 1024K, 3 young (3072K), 3 survivors (3072K)
 Metaspace       used 160942K, capacity 165031K, committed 165968K, reserved 1193984K
  class space    used 19398K, capacity 20912K, committed 21196K, reserved 1048576K
}
Event: 13026.258 GC heap before
{Heap before GC invocations=241 (full 0):
 garbage-first heap   total 489472K, used 275408K [0x0000000080000000, 0x0000000100000000)
  region size 1024K, 37 young (37888K), 3 survivors (3072K)
 Metaspace       used 160973K, capacity 165035K, committed 165968K, reserved 1193984K
  class space    used 19398K, capacity 20912K, committed 21196K, reserved 1048576K
}
Event: 13026.430 GC heap after
{Heap after GC invocations=242 (full 0):
 garbage-first heap   total 489472K, used 242656K [0x0000000080000000, 0x0000000100000000)
  region size 1024K, 4 young (4096K), 4 survivors (4096K)
 Metaspace       used 160973K, capacity 165035K, committed 165968K, reserved 1193984K
  class space    used 19398K, capacity 20912K, committed 21196K, reserved 1048576K
}

